<?xml version="1.0" encoding="UTF-8"?>
<!-- Generated by org.testng.reporters.JUnitReportReporter -->
<testsuite hostname="DESKTOP-0JVHV1V" failures="0" tests="2" name="day1.Pgm3" time="0.002" errors="0" timestamp="2023-08-02T12:20:42 IST" skipped="0">
  <testcase classname="day1.Pgm3" name="m1" time="0.001"/>
  <testcase classname="day1.Pgm3" name="m2" time="0.001"/>
</testsuite> <!-- day1.Pgm3 -->
