<?xml version="1.0" encoding="UTF-8"?>
<!-- Generated by org.testng.reporters.JUnitReportReporter -->
<testsuite hostname="DESKTOP-0JVHV1V" failures="0" tests="1" name="ecommerce.Ac" time="0.011" errors="0" timestamp="2023-08-04T09:20:41 IST" skipped="0">
  <testcase classname="ecommerce.Ac" name="voltas" time="0.011"/>
</testsuite> <!-- ecommerce.Ac -->
