<?xml version="1.0" encoding="UTF-8"?>
<!-- Generated by org.testng.reporters.JUnitReportReporter -->
<testsuite hostname="DESKTOP-0JVHV1V" failures="0" tests="1" name="ecommerce.Product" time="0.001" errors="0" timestamp="2023-08-04T09:20:41 IST" skipped="0">
  <testcase classname="ecommerce.Product" name="laptop" time="0.001"/>
</testsuite> <!-- ecommerce.Product -->
