<?xml version="1.0" encoding="UTF-8"?>
<!-- Generated by org.testng.reporters.JUnitReportReporter -->
<testsuite hostname="DESKTOP-0JVHV1V" failures="0" tests="1" name="day1.NewTest" time="0.010" errors="0" timestamp="2023-08-02T10:38:54 IST" skipped="0">
  <testcase classname="day1.NewTest" name="f" time="0.010"/>
</testsuite> <!-- day1.NewTest -->
