<?xml version="1.0" encoding="UTF-8"?>
<!-- Generated by org.testng.reporters.JUnitReportReporter -->
<testsuite hostname="DESKTOP-0JVHV1V" failures="0" tests="3" name="ecommerce.Data" time="0.013" errors="0" timestamp="2023-08-03T12:08:24 IST" skipped="0">
  <testcase classname="ecommerce.Data" name="m1" time="0.001"/>
  <testcase classname="ecommerce.Data" name="m1" time="0.010"/>
  <testcase classname="ecommerce.Data" name="m1" time="0.002"/>
</testsuite> <!-- ecommerce.Data -->
