<?xml version="1.0" encoding="UTF-8"?>
<!-- Generated by org.testng.reporters.JUnitReportReporter -->
<testsuite hostname="DESKTOP-0JVHV1V" failures="0" tests="2" name="ecommerce.Mobile" time="0.001" errors="0" timestamp="2023-08-04T09:20:41 IST" skipped="1">
  <testcase classname="ecommerce.Mobile" name="mobileonepluse" time="0.001"/>
  <testcase classname="ecommerce.Mobile" name="mobilesamsung">
    <skipped/>
  </testcase> <!-- mobilesamsung -->
</testsuite> <!-- ecommerce.Mobile -->
